0 info it worked if it ends with ok
1 verbose cli [ '/home/rahul/.nvm/versions/node/v5.0.0/bin/node',
1 verbose cli   '/home/rahul/.nvm/versions/node/v5.0.0/bin/npm',
1 verbose cli   'start' ]
2 info using npm@3.3.6
3 info using node@v5.0.0
4 verbose stack Error: Invalid name: "GDG Info"
4 verbose stack     at ensureValidName (/home/rahul/.nvm/versions/node/v5.0.0/lib/node_modules/npm/node_modules/normalize-package-data/lib/fixer.js:331:15)
4 verbose stack     at Object.module.exports.fixNameField (/home/rahul/.nvm/versions/node/v5.0.0/lib/node_modules/npm/node_modules/normalize-package-data/lib/fixer.js:210:5)
4 verbose stack     at /home/rahul/.nvm/versions/node/v5.0.0/lib/node_modules/npm/node_modules/normalize-package-data/lib/normalize.js:32:38
4 verbose stack     at Array.forEach (native)
4 verbose stack     at normalize (/home/rahul/.nvm/versions/node/v5.0.0/lib/node_modules/npm/node_modules/normalize-package-data/lib/normalize.js:31:15)
4 verbose stack     at final (/home/rahul/.nvm/versions/node/v5.0.0/lib/node_modules/npm/node_modules/read-package-json/read-json.js:338:5)
4 verbose stack     at then (/home/rahul/.nvm/versions/node/v5.0.0/lib/node_modules/npm/node_modules/read-package-json/read-json.js:113:5)
4 verbose stack     at /home/rahul/.nvm/versions/node/v5.0.0/lib/node_modules/npm/node_modules/read-package-json/read-json.js:232:12
4 verbose stack     at /home/rahul/.nvm/versions/node/v5.0.0/lib/node_modules/npm/node_modules/graceful-fs/graceful-fs.js:76:16
4 verbose stack     at tryToString (fs.js:414:3)
5 verbose cwd /home/rahul/Works/gdginfo
6 error Linux 4.8.0-34-generic
7 error argv "/home/rahul/.nvm/versions/node/v5.0.0/bin/node" "/home/rahul/.nvm/versions/node/v5.0.0/bin/npm" "start"
8 error node v5.0.0
9 error npm  v3.3.6
10 error Invalid name: "GDG Info"
11 error If you need help, you may report this error at:
11 error     <https://github.com/npm/npm/issues>
12 verbose exit [ 1, true ]
